   1               		.file	"main.cpp"
   2               	__SP_H__ = 0x3e
   3               	__SP_L__ = 0x3d
   4               	__SREG__ = 0x3f
   5               	__tmp_reg__ = 0
   6               	__zero_reg__ = 1
   7               		.text
   8               	.global	_Z20get_and_send_commandv
  10               	_Z20get_and_send_commandv:
  11 0000 CF93      		push r28
  12 0002 DF93      		push r29
  13 0004 1F92      		push __zero_reg__
  14 0006 CDB7      		in r28,__SP_L__
  15 0008 DEB7      		in r29,__SP_H__
  16               	/* prologue: function */
  17               	/* frame size = 1 */
  18               	/* stack size = 3 */
  19               	.L__stack_usage = 3
  20 000a 0E94 0000 		call _Z12UART_Receivev
  21 000e 8983      		std Y+1,r24
  22 0010 61E0      		ldi r22,lo8(1)
  23 0012 CE01      		movw r24,r28
  24 0014 0196      		adiw r24,1
  25 0016 0E94 0000 		call _Z8transmitPhh
  26 001a 8981      		ldd r24,Y+1
  27               	/* epilogue start */
  28 001c 0F90      		pop __tmp_reg__
  29 001e DF91      		pop r29
  30 0020 CF91      		pop r28
  31 0022 0895      		ret
  33               	.global	_Z22send_pressure_and_tempv
  35               	_Z22send_pressure_and_tempv:
  36 0024 0F93      		push r16
  37 0026 1F93      		push r17
  38 0028 CF93      		push r28
  39 002a DF93      		push r29
  40               	/* prologue: function */
  41               	/* frame size = 0 */
  42               	/* stack size = 4 */
  43               	.L__stack_usage = 4
  44 002c 88E0      		ldi r24,lo8(8)
  45 002e 0E94 0000 		call _Z7receiveh
  46 0032 EC01      		movw r28,r24
  47 0034 8C01      		movw r16,r24
  48 0036 085F      		subi r16,-8
  49 0038 1F4F      		sbci r17,-1
  50               	.L3:
  51 003a 8991      		ld r24,Y+
  52 003c 0E94 0000 		call _Z13UART_Transmith
  53 0040 C017      		cp r28,r16
  54 0042 D107      		cpc r29,r17
  55 0044 01F4      		brne .L3
  56               	/* epilogue start */
  57 0046 DF91      		pop r29
  58 0048 CF91      		pop r28
  59 004a 1F91      		pop r17
  60 004c 0F91      		pop r16
  61 004e 0895      		ret
  63               	.global	_Z4initv
  65               	_Z4initv:
  66               	/* prologue: function */
  67               	/* frame size = 0 */
  68               	/* stack size = 0 */
  69               	.L__stack_usage = 0
  70 0050 0E94 0000 		call _Z9UART_Initv
  71 0054 2FEF      		ldi r18,lo8(1599999)
  72 0056 89E6      		ldi r24,hi8(1599999)
  73 0058 98E1      		ldi r25,hlo8(1599999)
  74 005a 2150      	1:	subi r18,1
  75 005c 8040      		sbci r24,0
  76 005e 9040      		sbci r25,0
  77 0060 01F4      		brne 1b
  78 0062 00C0      		rjmp .
  79 0064 0000      		nop
  80 0066 0E94 0000 		call _Z14radioModulInitv
  81 006a 8FE3      		ldi r24,lo8(-25537)
  82 006c 9CE9      		ldi r25,hi8(-25537)
  83 006e 0197      	1:	sbiw r24,1
  84 0070 01F4      		brne 1b
  85 0072 00C0      		rjmp .
  86 0074 0000      		nop
  87               	/* epilogue start */
  88 0076 0895      		ret
  90               		.section	.text.startup,"ax",@progbits
  91               	.global	main
  93               	main:
  94               	/* prologue: function */
  95               	/* frame size = 0 */
  96               	/* stack size = 0 */
  97               	.L__stack_usage = 0
  98 0000 0E94 0000 		call _Z4initv
  99               	.L7:
 100 0004 0E94 0000 		call _Z20get_and_send_commandv
 101 0008 8836      		cpi r24,lo8(104)
 102 000a 01F4      		brne .L7
 103 000c 0E94 0000 		call _Z22send_pressure_and_tempv
 104 0010 00C0      		rjmp .L7
 106               		.ident	"GCC: (GNU) 7.3.0"
DEFINED SYMBOLS
                            *ABS*:0000000000000000 main.cpp
     /tmp/ccHqhYmV.s:2      *ABS*:000000000000003e __SP_H__
     /tmp/ccHqhYmV.s:3      *ABS*:000000000000003d __SP_L__
     /tmp/ccHqhYmV.s:4      *ABS*:000000000000003f __SREG__
     /tmp/ccHqhYmV.s:5      *ABS*:0000000000000000 __tmp_reg__
     /tmp/ccHqhYmV.s:6      *ABS*:0000000000000001 __zero_reg__
     /tmp/ccHqhYmV.s:10     .text:0000000000000000 _Z20get_and_send_commandv
     /tmp/ccHqhYmV.s:35     .text:0000000000000024 _Z22send_pressure_and_tempv
     /tmp/ccHqhYmV.s:65     .text:0000000000000050 _Z4initv
     /tmp/ccHqhYmV.s:93     .text.startup:0000000000000000 main

UNDEFINED SYMBOLS
_Z12UART_Receivev
_Z8transmitPhh
_Z7receiveh
_Z13UART_Transmith
_Z9UART_Initv
_Z14radioModulInitv
